<?xml version="1.0" encoding="UTF-8"?>
<!-- Generated by org.testng.reporters.JUnitXMLReporter -->
<testsuite hostname="LAPTOP-JUVC7F3L" ignored="0" name="Test" tests="28" failures="0" timestamp="2021-01-17T22:14:45 IST" time="182.235" errors="0">
  <testcase name="verify_textbox_labeled_with_First_Name_is_enabled" time="0.114" classname="com.claimgenius.qa.testcases.Test_cases_on_textbox"/>
  <testcase name="verify_textbox_labeled_with_First_Name_is_present" time="0.111" classname="com.claimgenius.qa.testcases.Test_cases_on_textbox"/>
  <testcase name="verify_user_able_to_enter_value_in_textbox_labeled_with_First_Name" time="2.297" classname="com.claimgenius.qa.testcases.Test_cases_on_textbox"/>
  <testcase name="verify_user_able_to_re_enter_value_in_textbox_labeled_with_First_Name" time="3.463" classname="com.claimgenius.qa.testcases.Test_cases_on_textbox"/>
  <testcase name="verify_selectbox_labeled_with_continents_is_present_on_webpage" time="0.148" classname="com.claimgenius.qa.testcases.Test_cases_on_dropdown"/>
  <testcase name="verify_selectbox_labeled_with_continents_is_active" time="0.036" classname="com.claimgenius.qa.testcases.Test_cases_on_dropdown"/>
  <testcase name="get_total_counts_of_Continents_present_in_selectbox_labeled_with_Continents" time="0.359" classname="com.claimgenius.qa.testcases.Test_cases_on_dropdown"/>
  <testcase name="get_name_of_total_counts_of_Continents_present_in_selectbox_labeled_with_Continents" time="0.294" classname="com.claimgenius.qa.testcases.Test_cases_on_dropdown"/>
  <testcase name="select_any_particular_Continent_present_in_selectbox_labeled_with_Continents" time="0.348" classname="com.claimgenius.qa.testcases.Test_cases_on_dropdown"/>
  <testcase name="verify_is_upload_button_active" time="0.049" classname="com.claimgenius.qa.testcases.Test_cases_on_upload_button"/>
  <testcase name="verify_user_able_to_upload_image" time="5.505" classname="com.claimgenius.qa.testcases.Test_cases_on_upload_button"/>
  <testcase name="verify_radio_buttons_are_active_on_webpage" time="0.209" classname="com.claimgenius.qa.testcases.Test_cases_on_radio_button"/>
  <testcase name="verify_user_able_to_select_Radio_button_labeled_with_Male" time="0.328" classname="com.claimgenius.qa.testcases.Test_cases_on_radio_button"/>
  <testcase name="verify_user_able_to_select_Radio_button_labeled_with_Female" time="0.175" classname="com.claimgenius.qa.testcases.Test_cases_on_radio_button"/>
  <testcase name="get_labe_of_each_radio_button" time="0.065" classname="com.claimgenius.qa.testcases.Test_cases_on_radio_button"/>
  <testcase name="get_labe_of_each_radio_button_and_select_specific_one" time="0.133" classname="com.claimgenius.qa.testcases.Test_cases_on_radio_button"/>
  <testcase name="verify_checkboxes_labeled_with_profession_are_active_on_webpage" time="0.163" classname="com.claimgenius.qa.testcases.Test_cases_on_check_box"/>
  <testcase name="verify_checkboxe_labeled_with_Manual_Tester_is_selected" time="0.273" classname="com.claimgenius.qa.testcases.Test_cases_on_check_box"/>
  <testcase name="get_label_of_checkboxes_present_on_webpage" time="0.092" classname="com.claimgenius.qa.testcases.Test_cases_on_check_box"/>
  <testcase name="get_label_of_checkboxes_and_check_on_checkbox_label_with_Automation_Tester" time="0.156" classname="com.claimgenius.qa.testcases.Test_cases_on_check_box"/>
  <testcase name="verify_multiselectbox_labeled_with_Selenium_Commands_is_present_on_webpage" time="0.136" classname="com.claimgenius.qa.testcases.Test_cases_on_multi_select_box"/>
  <testcase name="verify_multiselectbox_labeled_with_Selenium_Commands_is_Active" time="0.029" classname="com.claimgenius.qa.testcases.Test_cases_on_multi_select_box"/>
  <testcase name="get_total_counts_of_commands_present_in_selectbox_labeled_with_Selenium_Commands" time="0.241" classname="com.claimgenius.qa.testcases.Test_cases_on_multi_select_box"/>
  <testcase name="get_name_of_each_command_of_total_count_present_in_selectbox_labeled_with_Selenium_Commands" time="0.225" classname="com.claimgenius.qa.testcases.Test_cases_on_multi_select_box"/>
  <testcase name="select_any_particular_command_present_in_multiselectbox_labeled_with_Seenium_commands" time="0.235" classname="com.claimgenius.qa.testcases.Test_cases_on_multi_select_box"/>
  <testcase name="select_multiple_command_present_in_multiselectbox_labeled_with_Seenium_commands" time="2.537" classname="com.claimgenius.qa.testcases.Test_cases_on_multi_select_box"/>
  <testcase name="verify_user_able_to_enter_value_in_text_fields" time="0.495" classname="com.claimgenius.qa.testcases.DDT_Test_case_on_text_box"/>
  <testcase name="verify_broken_link_on_web_page" time="45.172" classname="com.claimgenius.qa.testcases.BrokenLink"/>
</testsuite> <!-- Test -->
